<?xml version="1.0" encoding="UTF-8"?>
<TestRun id="9f677a0a-0788-4a6b-a89e-b907d744b1d8" name="rricardo@CIT006704CPS 2011-09-29 15:30:03" runUser="CIT\rricardo" xmlns="http://microsoft.com/schemas/VisualStudio/TeamTest/2010">
  <TestSettings name="Local" id="d95d53b9-9fcb-4820-b942-98c112d9a3c0">
    <Description>These are default test settings for a local test run.</Description>
    <Deployment enabled="false" runDeploymentRoot="rricardo_CIT006704CPS 2011-09-29 15_30_03">
      <DeploymentItem filename="c:\documents and settings\rricardo\meus documentos\visual studio 2010\Projects\DojoCaixaEletronico\DojoCaixaEletronico\bin\Debug\DojoCaixaEletronico.exe" />
    </Deployment>
    <Execution>
      <TestTypeSpecific />
      <AgentRule name="Execution Agents">
      </AgentRule>
    </Execution>
  </TestSettings>
  <Times creation="2011-09-29T15:30:03.4438347-03:00" queuing="2011-09-29T15:30:03.4594613-03:00" start="2011-09-29T15:30:03.4594613-03:00" finish="2011-09-29T15:30:03.6938603-03:00" />
  <ResultSummary outcome="Completed">
    <Counters total="1" executed="1" passed="1" error="0" failed="0" timeout="0" aborted="0" inconclusive="0" passedButRunAborted="0" notRunnable="0" notExecuted="0" disconnected="0" warning="0" completed="0" inProgress="0" pending="0" />
  </ResultSummary>
  <TestDefinitions>
    <UnitTest name="Saque" storage="c:\documents and settings\rricardo\meus documentos\visual studio 2010\projects\dojocaixaeletronico\dojocaixaeletronico.tests\bin\debug\dojocaixaeletronico.tests.dll" id="6e39a020-8680-177a-ed0c-f63c5e2cad0f">
      <Execution id="11499cff-578b-43c2-9486-bf39cac297f3" />
      <TestMethod codeBase="c:/documents and settings/rricardo/meus documentos/visual studio 2010/Projects/DojoCaixaEletronico/DojoCaixaEletronico.Tests/bin/Debug/DojoCaixaEletronico.Tests.DLL" adapterTypeName="Microsoft.VisualStudio.TestTools.TestTypes.Unit.UnitTestAdapter, Microsoft.VisualStudio.QualityTools.Tips.UnitTest.Adapter, Version=10.0.0.0, Culture=neutral, PublicKeyToken=b03f5f7f11d50a3a" className="DojoCaixaEletronico.Tests.CaixaEletronicoTests, DojoCaixaEletronico.Tests, Version=1.0.0.0, Culture=neutral, PublicKeyToken=null" name="Saque" />
    </UnitTest>
  </TestDefinitions>
  <TestLists>
    <TestList name="Results Not in a List" id="8c84fa94-04c1-424b-9868-57a2d4851a1d" />
    <TestList name="All Loaded Results" id="19431567-8539-422a-85d7-44ee4e166bda" />
  </TestLists>
  <TestEntries>
    <TestEntry testId="6e39a020-8680-177a-ed0c-f63c5e2cad0f" executionId="11499cff-578b-43c2-9486-bf39cac297f3" testListId="8c84fa94-04c1-424b-9868-57a2d4851a1d" />
  </TestEntries>
  <Results>
    <UnitTestResult executionId="11499cff-578b-43c2-9486-bf39cac297f3" testId="6e39a020-8680-177a-ed0c-f63c5e2cad0f" testName="Saque" computerName="CIT006704CPS" duration="00:00:00.0269473" startTime="2011-09-29T15:30:03.4750879-03:00" endTime="2011-09-29T15:30:03.6782337-03:00" testType="13cdc9d9-ddb5-4fa4-a97d-d965ccfc6d4b" outcome="Passed" testListId="8c84fa94-04c1-424b-9868-57a2d4851a1d" relativeResultsDirectory="11499cff-578b-43c2-9486-bf39cac297f3">
    </UnitTestResult>
  </Results>
</TestRun>