<?xml version="1.0" encoding="UTF-8"?>
<TestRun id="c7ab7f72-7498-483e-b8f3-e525a6d2e4b6" name="rricardo@CIT006704CPS 2011-09-30 10:02:44" runUser="CIT\rricardo" xmlns="http://microsoft.com/schemas/VisualStudio/TeamTest/2010">
  <TestSettings name="Local" id="d95d53b9-9fcb-4820-b942-98c112d9a3c0">
    <Description>These are default test settings for a local test run.</Description>
    <Deployment enabled="false" runDeploymentRoot="rricardo_CIT006704CPS 2011-09-30 10_02_44">
      <DeploymentItem filename="c:\documents and settings\rricardo\meus documentos\visual studio 2010\Projects\DojoCaixaEletronico\DojoCaixaEletronico\bin\Debug\DojoCaixaEletronico.exe" />
    </Deployment>
    <Execution>
      <TestTypeSpecific />
      <AgentRule name="Execution Agents">
      </AgentRule>
    </Execution>
  </TestSettings>
  <Times creation="2011-09-30T10:02:44.3937838-03:00" queuing="2011-09-30T10:02:44.4094096-03:00" start="2011-09-30T10:02:44.4250354-03:00" finish="2011-09-30T10:02:44.8625578-03:00" />
  <ResultSummary outcome="Completed">
    <Counters total="4" executed="4" passed="4" error="0" failed="0" timeout="0" aborted="0" inconclusive="0" passedButRunAborted="0" notRunnable="0" notExecuted="0" disconnected="0" warning="0" completed="0" inProgress="0" pending="0" />
  </ResultSummary>
  <TestDefinitions>
    <UnitTest name="DeveSacarUmaNotaDe10EUmaDe20QuandoPedir30" storage="c:\documents and settings\rricardo\meus documentos\visual studio 2010\projects\dojocaixaeletronico\dojocaixaeletronico.tests\bin\debug\dojocaixaeletronico.tests.dll" id="52fd5ab9-7a50-a1af-ae6f-da63fc30cac1">
      <Execution id="cb8aea65-3b10-4cf9-ae4e-8cfeaa37cbae" />
      <TestMethod codeBase="C:/Documents and Settings/rricardo/Meus documentos/Visual Studio 2010/Projects/DojoCaixaEletronico/DojoCaixaEletronico.Tests/bin/Debug/DojoCaixaEletronico.Tests.DLL" adapterTypeName="Microsoft.VisualStudio.TestTools.TestTypes.Unit.UnitTestAdapter, Microsoft.VisualStudio.QualityTools.Tips.UnitTest.Adapter, Version=10.0.0.0, Culture=neutral, PublicKeyToken=b03f5f7f11d50a3a" className="DojoCaixaEletronico.Tests.CaixaEletronicoTests, DojoCaixaEletronico.Tests, Version=1.0.0.0, Culture=neutral, PublicKeyToken=null" name="DeveSacarUmaNotaDe10EUmaDe20QuandoPedir30" />
    </UnitTest>
    <UnitTest name="DeveSacarUmaNotaDe10QuandoPedir10" storage="c:\documents and settings\rricardo\meus documentos\visual studio 2010\projects\dojocaixaeletronico\dojocaixaeletronico.tests\bin\debug\dojocaixaeletronico.tests.dll" id="72dac4e5-094e-9000-30c3-7e6d6bb3ba43">
      <Execution id="543359a5-b0f6-4570-be38-4adb45f00cfe" />
      <TestMethod codeBase="C:/Documents and Settings/rricardo/Meus documentos/Visual Studio 2010/Projects/DojoCaixaEletronico/DojoCaixaEletronico.Tests/bin/Debug/DojoCaixaEletronico.Tests.DLL" adapterTypeName="Microsoft.VisualStudio.TestTools.TestTypes.Unit.UnitTestAdapter, Microsoft.VisualStudio.QualityTools.Tips.UnitTest.Adapter, Version=10.0.0.0, Culture=neutral, PublicKeyToken=b03f5f7f11d50a3a" className="DojoCaixaEletronico.Tests.CaixaEletronicoTests, DojoCaixaEletronico.Tests, Version=1.0.0.0, Culture=neutral, PublicKeyToken=null" name="DeveSacarUmaNotaDe10QuandoPedir10" />
    </UnitTest>
    <UnitTest name="DeveSacar0QuandoPedido0" storage="c:\documents and settings\rricardo\meus documentos\visual studio 2010\projects\dojocaixaeletronico\dojocaixaeletronico.tests\bin\debug\dojocaixaeletronico.tests.dll" id="d1ae87f0-5f2c-14ec-5b5e-42c531d3c50c">
      <Execution id="a1cd8eac-2cbe-489e-b487-242a52e963fa" />
      <TestMethod codeBase="C:/Documents and Settings/rricardo/Meus documentos/Visual Studio 2010/Projects/DojoCaixaEletronico/DojoCaixaEletronico.Tests/bin/Debug/DojoCaixaEletronico.Tests.DLL" adapterTypeName="Microsoft.VisualStudio.TestTools.TestTypes.Unit.UnitTestAdapter, Microsoft.VisualStudio.QualityTools.Tips.UnitTest.Adapter, Version=10.0.0.0, Culture=neutral, PublicKeyToken=b03f5f7f11d50a3a" className="DojoCaixaEletronico.Tests.CaixaEletronicoTests, DojoCaixaEletronico.Tests, Version=1.0.0.0, Culture=neutral, PublicKeyToken=null" name="DeveSacar0QuandoPedido0" />
    </UnitTest>
    <UnitTest name="DeveSacarUmaNotaDe20QuandoPedir20" storage="c:\documents and settings\rricardo\meus documentos\visual studio 2010\projects\dojocaixaeletronico\dojocaixaeletronico.tests\bin\debug\dojocaixaeletronico.tests.dll" id="4454e46a-bd20-09f0-c3f4-ed70dd5726c8">
      <Execution id="7b66795f-c705-4b5b-94d9-cd02259aa9ee" />
      <TestMethod codeBase="C:/Documents and Settings/rricardo/Meus documentos/Visual Studio 2010/Projects/DojoCaixaEletronico/DojoCaixaEletronico.Tests/bin/Debug/DojoCaixaEletronico.Tests.DLL" adapterTypeName="Microsoft.VisualStudio.TestTools.TestTypes.Unit.UnitTestAdapter, Microsoft.VisualStudio.QualityTools.Tips.UnitTest.Adapter, Version=10.0.0.0, Culture=neutral, PublicKeyToken=b03f5f7f11d50a3a" className="DojoCaixaEletronico.Tests.CaixaEletronicoTests, DojoCaixaEletronico.Tests, Version=1.0.0.0, Culture=neutral, PublicKeyToken=null" name="DeveSacarUmaNotaDe20QuandoPedir20" />
    </UnitTest>
  </TestDefinitions>
  <TestLists>
    <TestList name="Results Not in a List" id="8c84fa94-04c1-424b-9868-57a2d4851a1d" />
    <TestList name="All Loaded Results" id="19431567-8539-422a-85d7-44ee4e166bda" />
  </TestLists>
  <TestEntries>
    <TestEntry testId="4454e46a-bd20-09f0-c3f4-ed70dd5726c8" executionId="7b66795f-c705-4b5b-94d9-cd02259aa9ee" testListId="8c84fa94-04c1-424b-9868-57a2d4851a1d" />
    <TestEntry testId="52fd5ab9-7a50-a1af-ae6f-da63fc30cac1" executionId="cb8aea65-3b10-4cf9-ae4e-8cfeaa37cbae" testListId="8c84fa94-04c1-424b-9868-57a2d4851a1d" />
    <TestEntry testId="72dac4e5-094e-9000-30c3-7e6d6bb3ba43" executionId="543359a5-b0f6-4570-be38-4adb45f00cfe" testListId="8c84fa94-04c1-424b-9868-57a2d4851a1d" />
    <TestEntry testId="d1ae87f0-5f2c-14ec-5b5e-42c531d3c50c" executionId="a1cd8eac-2cbe-489e-b487-242a52e963fa" testListId="8c84fa94-04c1-424b-9868-57a2d4851a1d" />
  </TestEntries>
  <Results>
    <UnitTestResult executionId="7b66795f-c705-4b5b-94d9-cd02259aa9ee" testId="4454e46a-bd20-09f0-c3f4-ed70dd5726c8" testName="DeveSacarUmaNotaDe20QuandoPedir20" computerName="CIT006704CPS" duration="00:00:00.0143954" startTime="2011-09-30T10:02:44.4406612-03:00" endTime="2011-09-30T10:02:44.6281708-03:00" testType="13cdc9d9-ddb5-4fa4-a97d-d965ccfc6d4b" outcome="Passed" testListId="8c84fa94-04c1-424b-9868-57a2d4851a1d" relativeResultsDirectory="7b66795f-c705-4b5b-94d9-cd02259aa9ee">
    </UnitTestResult>
    <UnitTestResult executionId="cb8aea65-3b10-4cf9-ae4e-8cfeaa37cbae" testId="52fd5ab9-7a50-a1af-ae6f-da63fc30cac1" testName="DeveSacarUmaNotaDe10EUmaDe20QuandoPedir30" computerName="CIT006704CPS" duration="00:00:00.0002361" startTime="2011-09-30T10:02:44.6281708-03:00" endTime="2011-09-30T10:02:44.6437966-03:00" testType="13cdc9d9-ddb5-4fa4-a97d-d965ccfc6d4b" outcome="Passed" testListId="8c84fa94-04c1-424b-9868-57a2d4851a1d" relativeResultsDirectory="cb8aea65-3b10-4cf9-ae4e-8cfeaa37cbae">
    </UnitTestResult>
    <UnitTestResult executionId="543359a5-b0f6-4570-be38-4adb45f00cfe" testId="72dac4e5-094e-9000-30c3-7e6d6bb3ba43" testName="DeveSacarUmaNotaDe10QuandoPedir10" computerName="CIT006704CPS" duration="00:00:00.0086201" startTime="2011-09-30T10:02:44.6437966-03:00" endTime="2011-09-30T10:02:44.6594224-03:00" testType="13cdc9d9-ddb5-4fa4-a97d-d965ccfc6d4b" outcome="Passed" testListId="8c84fa94-04c1-424b-9868-57a2d4851a1d" relativeResultsDirectory="543359a5-b0f6-4570-be38-4adb45f00cfe">
    </UnitTestResult>
    <UnitTestResult executionId="a1cd8eac-2cbe-489e-b487-242a52e963fa" testId="d1ae87f0-5f2c-14ec-5b5e-42c531d3c50c" testName="DeveSacar0QuandoPedido0" computerName="CIT006704CPS" duration="00:00:00.0001638" startTime="2011-09-30T10:02:44.8313062-03:00" endTime="2011-09-30T10:02:44.8469320-03:00" testType="13cdc9d9-ddb5-4fa4-a97d-d965ccfc6d4b" outcome="Passed" testListId="8c84fa94-04c1-424b-9868-57a2d4851a1d" relativeResultsDirectory="a1cd8eac-2cbe-489e-b487-242a52e963fa">
    </UnitTestResult>
  </Results>
</TestRun>