<?xml version="1.0" encoding="UTF-8"?>
<TestRun id="271c0ec8-897d-4b58-aedc-c97d20bea9cd" name="rricardo@CIT006704CPS 2011-09-29 16:36:54" runUser="CIT\rricardo" xmlns="http://microsoft.com/schemas/VisualStudio/TeamTest/2010">
  <TestSettings name="Local" id="d95d53b9-9fcb-4820-b942-98c112d9a3c0">
    <Description>These are default test settings for a local test run.</Description>
    <Deployment enabled="false" runDeploymentRoot="rricardo_CIT006704CPS 2011-09-29 16_36_54">
      <DeploymentItem filename="c:\documents and settings\rricardo\meus documentos\visual studio 2010\Projects\DojoCaixaEletronico\DojoCaixaEletronico\bin\Debug\DojoCaixaEletronico.exe" />
    </Deployment>
    <Execution>
      <TestTypeSpecific />
      <AgentRule name="Execution Agents">
      </AgentRule>
    </Execution>
  </TestSettings>
  <Times creation="2011-09-29T16:36:54.3341372-03:00" queuing="2011-09-29T16:36:54.3653868-03:00" start="2011-09-29T16:36:54.3810116-03:00" finish="2011-09-29T16:36:54.6778828-03:00" />
  <ResultSummary outcome="Failed">
    <Counters total="2" executed="2" passed="1" error="0" failed="1" timeout="0" aborted="0" inconclusive="0" passedButRunAborted="0" notRunnable="0" notExecuted="0" disconnected="0" warning="0" completed="0" inProgress="0" pending="0" />
  </ResultSummary>
  <TestDefinitions>
    <UnitTest name="DeveSacarUmaNotaDe10QuandoPedir10" storage="c:\documents and settings\rricardo\meus documentos\visual studio 2010\projects\dojocaixaeletronico\dojocaixaeletronico.tests\bin\debug\dojocaixaeletronico.tests.dll" id="72dac4e5-094e-9000-30c3-7e6d6bb3ba43">
      <Execution id="1df84bef-f18b-4e68-83c5-61e70773cfff" />
      <TestMethod codeBase="c:/documents and settings/rricardo/meus documentos/visual studio 2010/Projects/DojoCaixaEletronico/DojoCaixaEletronico.Tests/bin/Debug/DojoCaixaEletronico.Tests.DLL" adapterTypeName="Microsoft.VisualStudio.TestTools.TestTypes.Unit.UnitTestAdapter, Microsoft.VisualStudio.QualityTools.Tips.UnitTest.Adapter, Version=10.0.0.0, Culture=neutral, PublicKeyToken=b03f5f7f11d50a3a" className="DojoCaixaEletronico.Tests.CaixaEletronicoTests, DojoCaixaEletronico.Tests, Version=1.0.0.0, Culture=neutral, PublicKeyToken=null" name="DeveSacarUmaNotaDe10QuandoPedir10" />
    </UnitTest>
    <UnitTest name="DeveSacar0QuandoPedido0" storage="c:\documents and settings\rricardo\meus documentos\visual studio 2010\projects\dojocaixaeletronico\dojocaixaeletronico.tests\bin\debug\dojocaixaeletronico.tests.dll" id="d1ae87f0-5f2c-14ec-5b5e-42c531d3c50c">
      <Execution id="59abc171-e451-41ce-9f7f-edd4f1758f31" />
      <TestMethod codeBase="c:/documents and settings/rricardo/meus documentos/visual studio 2010/Projects/DojoCaixaEletronico/DojoCaixaEletronico.Tests/bin/Debug/DojoCaixaEletronico.Tests.DLL" adapterTypeName="Microsoft.VisualStudio.TestTools.TestTypes.Unit.UnitTestAdapter, Microsoft.VisualStudio.QualityTools.Tips.UnitTest.Adapter, Version=10.0.0.0, Culture=neutral, PublicKeyToken=b03f5f7f11d50a3a" className="DojoCaixaEletronico.Tests.CaixaEletronicoTests, DojoCaixaEletronico.Tests, Version=1.0.0.0, Culture=neutral, PublicKeyToken=null" name="DeveSacar0QuandoPedido0" />
    </UnitTest>
  </TestDefinitions>
  <TestLists>
    <TestList name="Results Not in a List" id="8c84fa94-04c1-424b-9868-57a2d4851a1d" />
    <TestList name="All Loaded Results" id="19431567-8539-422a-85d7-44ee4e166bda" />
  </TestLists>
  <TestEntries>
    <TestEntry testId="72dac4e5-094e-9000-30c3-7e6d6bb3ba43" executionId="1df84bef-f18b-4e68-83c5-61e70773cfff" testListId="8c84fa94-04c1-424b-9868-57a2d4851a1d" />
    <TestEntry testId="d1ae87f0-5f2c-14ec-5b5e-42c531d3c50c" executionId="59abc171-e451-41ce-9f7f-edd4f1758f31" testListId="8c84fa94-04c1-424b-9868-57a2d4851a1d" />
  </TestEntries>
  <Results>
    <UnitTestResult executionId="1df84bef-f18b-4e68-83c5-61e70773cfff" testId="72dac4e5-094e-9000-30c3-7e6d6bb3ba43" testName="DeveSacarUmaNotaDe10QuandoPedir10" computerName="CIT006704CPS" duration="00:00:00.0677724" startTime="2011-09-29T16:36:54.3966364-03:00" endTime="2011-09-29T16:36:54.6466332-03:00" testType="13cdc9d9-ddb5-4fa4-a97d-d965ccfc6d4b" outcome="Failed" testListId="8c84fa94-04c1-424b-9868-57a2d4851a1d" relativeResultsDirectory="1df84bef-f18b-4e68-83c5-61e70773cfff">
      <Output>
        <ErrorInfo>
          <Message>Assert.AreEqual failed. Expected:&lt;System.Collections.Generic.Dictionary`2[System.Int32,System.Int32]&gt;. Actual:&lt;System.Collections.Generic.Dictionary`2[System.Int32,System.Int32]&gt;. </Message>
          <StackTrace>   em DojoCaixaEletronico.Tests.CaixaEletronicoTests.DeveSacarUmaNotaDe10QuandoPedir10() na c:\documents and settings\rricardo\meus documentos\visual studio 2010\Projects\DojoCaixaEletronico\DojoCaixaEletronico.Tests\CaixaEletronicoTests.cs:linha 27
</StackTrace>
        </ErrorInfo>
      </Output>
    </UnitTestResult>
    <UnitTestResult executionId="59abc171-e451-41ce-9f7f-edd4f1758f31" testId="d1ae87f0-5f2c-14ec-5b5e-42c531d3c50c" testName="DeveSacar0QuandoPedido0" computerName="CIT006704CPS" duration="00:00:00.0001964" startTime="2011-09-29T16:36:54.6622580-03:00" endTime="2011-09-29T16:36:54.6622580-03:00" testType="13cdc9d9-ddb5-4fa4-a97d-d965ccfc6d4b" outcome="Passed" testListId="8c84fa94-04c1-424b-9868-57a2d4851a1d" relativeResultsDirectory="59abc171-e451-41ce-9f7f-edd4f1758f31">
    </UnitTestResult>
  </Results>
</TestRun>