<?xml version="1.0" encoding="UTF-8"?>
<TestRun id="31023766-2ec4-4bc0-9f14-ef104e72a43b" name="rricardo@CIT006704CPS 2011-09-30 11:14:38" runUser="CIT\rricardo" xmlns="http://microsoft.com/schemas/VisualStudio/TeamTest/2010">
  <TestSettings name="Local" id="d95d53b9-9fcb-4820-b942-98c112d9a3c0">
    <Description>These are default test settings for a local test run.</Description>
    <Deployment enabled="false" runDeploymentRoot="rricardo_CIT006704CPS 2011-09-30 11_14_38">
      <DeploymentItem filename="c:\documents and settings\rricardo\meus documentos\visual studio 2010\Projects\DojoCaixaEletronico\DojoCaixaEletronico\bin\Debug\DojoCaixaEletronico.exe" />
    </Deployment>
    <Execution>
      <TestTypeSpecific />
      <AgentRule name="Execution Agents">
      </AgentRule>
    </Execution>
  </TestSettings>
  <Times creation="2011-09-30T11:14:38.6547235-03:00" queuing="2011-09-30T11:14:38.6703487-03:00" start="2011-09-30T11:14:38.6859739-03:00" finish="2011-09-30T11:14:38.9516023-03:00" />
  <ResultSummary outcome="Completed">
    <Counters total="6" executed="6" passed="6" error="0" failed="0" timeout="0" aborted="0" inconclusive="0" passedButRunAborted="0" notRunnable="0" notExecuted="0" disconnected="0" warning="0" completed="0" inProgress="0" pending="0" />
  </ResultSummary>
  <TestDefinitions>
    <UnitTest name="DeveSacarDuasDe20EUmaDe10QUandoPedir50" storage="c:\documents and settings\rricardo\meus documentos\visual studio 2010\projects\dojocaixaeletronico\dojocaixaeletronico.tests\bin\debug\dojocaixaeletronico.tests.dll" id="f83688f6-dd34-1e75-5676-45cae90a003c">
      <Execution id="9cc9e746-13ad-4260-aef9-06fd906ac83b" />
      <TestMethod codeBase="C:/Documents and Settings/rricardo/Meus documentos/Visual Studio 2010/Projects/DojoCaixaEletronico/DojoCaixaEletronico.Tests/bin/Debug/DojoCaixaEletronico.Tests.DLL" adapterTypeName="Microsoft.VisualStudio.TestTools.TestTypes.Unit.UnitTestAdapter, Microsoft.VisualStudio.QualityTools.Tips.UnitTest.Adapter, Version=10.0.0.0, Culture=neutral, PublicKeyToken=b03f5f7f11d50a3a" className="DojoCaixaEletronico.Tests.CaixaEletronicoTests, DojoCaixaEletronico.Tests, Version=1.0.0.0, Culture=neutral, PublicKeyToken=null" name="DeveSacarDuasDe20EUmaDe10QUandoPedir50" />
    </UnitTest>
    <UnitTest name="DeveSacarUmaNotaDe20QuandoPedir20" storage="c:\documents and settings\rricardo\meus documentos\visual studio 2010\projects\dojocaixaeletronico\dojocaixaeletronico.tests\bin\debug\dojocaixaeletronico.tests.dll" id="4454e46a-bd20-09f0-c3f4-ed70dd5726c8">
      <Execution id="3904f5fa-9f7b-48df-8726-405daebc9627" />
      <TestMethod codeBase="C:/Documents and Settings/rricardo/Meus documentos/Visual Studio 2010/Projects/DojoCaixaEletronico/DojoCaixaEletronico.Tests/bin/Debug/DojoCaixaEletronico.Tests.DLL" adapterTypeName="Microsoft.VisualStudio.TestTools.TestTypes.Unit.UnitTestAdapter, Microsoft.VisualStudio.QualityTools.Tips.UnitTest.Adapter, Version=10.0.0.0, Culture=neutral, PublicKeyToken=b03f5f7f11d50a3a" className="DojoCaixaEletronico.Tests.CaixaEletronicoTests, DojoCaixaEletronico.Tests, Version=1.0.0.0, Culture=neutral, PublicKeyToken=null" name="DeveSacarUmaNotaDe20QuandoPedir20" />
    </UnitTest>
    <UnitTest name="DeveSacar0QuandoPedido0" storage="c:\documents and settings\rricardo\meus documentos\visual studio 2010\projects\dojocaixaeletronico\dojocaixaeletronico.tests\bin\debug\dojocaixaeletronico.tests.dll" id="d1ae87f0-5f2c-14ec-5b5e-42c531d3c50c">
      <Execution id="2ad96ebf-45c0-4fc0-bb50-6632337aadec" />
      <TestMethod codeBase="C:/Documents and Settings/rricardo/Meus documentos/Visual Studio 2010/Projects/DojoCaixaEletronico/DojoCaixaEletronico.Tests/bin/Debug/DojoCaixaEletronico.Tests.DLL" adapterTypeName="Microsoft.VisualStudio.TestTools.TestTypes.Unit.UnitTestAdapter, Microsoft.VisualStudio.QualityTools.Tips.UnitTest.Adapter, Version=10.0.0.0, Culture=neutral, PublicKeyToken=b03f5f7f11d50a3a" className="DojoCaixaEletronico.Tests.CaixaEletronicoTests, DojoCaixaEletronico.Tests, Version=1.0.0.0, Culture=neutral, PublicKeyToken=null" name="DeveSacar0QuandoPedido0" />
    </UnitTest>
    <UnitTest name="DeveSacarUmaNotaDe10EUmaDe20QuandoPedir30" storage="c:\documents and settings\rricardo\meus documentos\visual studio 2010\projects\dojocaixaeletronico\dojocaixaeletronico.tests\bin\debug\dojocaixaeletronico.tests.dll" id="52fd5ab9-7a50-a1af-ae6f-da63fc30cac1">
      <Execution id="b3e0a74b-8fbc-4c98-ae41-6c7ce15643c6" />
      <TestMethod codeBase="C:/Documents and Settings/rricardo/Meus documentos/Visual Studio 2010/Projects/DojoCaixaEletronico/DojoCaixaEletronico.Tests/bin/Debug/DojoCaixaEletronico.Tests.DLL" adapterTypeName="Microsoft.VisualStudio.TestTools.TestTypes.Unit.UnitTestAdapter, Microsoft.VisualStudio.QualityTools.Tips.UnitTest.Adapter, Version=10.0.0.0, Culture=neutral, PublicKeyToken=b03f5f7f11d50a3a" className="DojoCaixaEletronico.Tests.CaixaEletronicoTests, DojoCaixaEletronico.Tests, Version=1.0.0.0, Culture=neutral, PublicKeyToken=null" name="DeveSacarUmaNotaDe10EUmaDe20QuandoPedir30" />
    </UnitTest>
    <UnitTest name="DeveSacarUmaNotaDe10QuandoPedir10" storage="c:\documents and settings\rricardo\meus documentos\visual studio 2010\projects\dojocaixaeletronico\dojocaixaeletronico.tests\bin\debug\dojocaixaeletronico.tests.dll" id="72dac4e5-094e-9000-30c3-7e6d6bb3ba43">
      <Execution id="62b7dd1a-f705-48bd-babd-69265ddf0a1b" />
      <TestMethod codeBase="C:/Documents and Settings/rricardo/Meus documentos/Visual Studio 2010/Projects/DojoCaixaEletronico/DojoCaixaEletronico.Tests/bin/Debug/DojoCaixaEletronico.Tests.DLL" adapterTypeName="Microsoft.VisualStudio.TestTools.TestTypes.Unit.UnitTestAdapter, Microsoft.VisualStudio.QualityTools.Tips.UnitTest.Adapter, Version=10.0.0.0, Culture=neutral, PublicKeyToken=b03f5f7f11d50a3a" className="DojoCaixaEletronico.Tests.CaixaEletronicoTests, DojoCaixaEletronico.Tests, Version=1.0.0.0, Culture=neutral, PublicKeyToken=null" name="DeveSacarUmaNotaDe10QuandoPedir10" />
    </UnitTest>
    <UnitTest name="DeveSacarDuasDe20QuandoPedir40" storage="c:\documents and settings\rricardo\meus documentos\visual studio 2010\projects\dojocaixaeletronico\dojocaixaeletronico.tests\bin\debug\dojocaixaeletronico.tests.dll" id="4c113da2-5283-d388-8f2c-ed9d23e0db8e">
      <Execution id="1df57c54-676f-4b13-8c4e-d7fa9bea37a6" />
      <TestMethod codeBase="C:/Documents and Settings/rricardo/Meus documentos/Visual Studio 2010/Projects/DojoCaixaEletronico/DojoCaixaEletronico.Tests/bin/Debug/DojoCaixaEletronico.Tests.DLL" adapterTypeName="Microsoft.VisualStudio.TestTools.TestTypes.Unit.UnitTestAdapter, Microsoft.VisualStudio.QualityTools.Tips.UnitTest.Adapter, Version=10.0.0.0, Culture=neutral, PublicKeyToken=b03f5f7f11d50a3a" className="DojoCaixaEletronico.Tests.CaixaEletronicoTests, DojoCaixaEletronico.Tests, Version=1.0.0.0, Culture=neutral, PublicKeyToken=null" name="DeveSacarDuasDe20QuandoPedir40" />
    </UnitTest>
  </TestDefinitions>
  <TestLists>
    <TestList name="Results Not in a List" id="8c84fa94-04c1-424b-9868-57a2d4851a1d" />
    <TestList name="All Loaded Results" id="19431567-8539-422a-85d7-44ee4e166bda" />
  </TestLists>
  <TestEntries>
    <TestEntry testId="4454e46a-bd20-09f0-c3f4-ed70dd5726c8" executionId="3904f5fa-9f7b-48df-8726-405daebc9627" testListId="8c84fa94-04c1-424b-9868-57a2d4851a1d" />
    <TestEntry testId="4c113da2-5283-d388-8f2c-ed9d23e0db8e" executionId="1df57c54-676f-4b13-8c4e-d7fa9bea37a6" testListId="8c84fa94-04c1-424b-9868-57a2d4851a1d" />
    <TestEntry testId="52fd5ab9-7a50-a1af-ae6f-da63fc30cac1" executionId="b3e0a74b-8fbc-4c98-ae41-6c7ce15643c6" testListId="8c84fa94-04c1-424b-9868-57a2d4851a1d" />
    <TestEntry testId="72dac4e5-094e-9000-30c3-7e6d6bb3ba43" executionId="62b7dd1a-f705-48bd-babd-69265ddf0a1b" testListId="8c84fa94-04c1-424b-9868-57a2d4851a1d" />
    <TestEntry testId="d1ae87f0-5f2c-14ec-5b5e-42c531d3c50c" executionId="2ad96ebf-45c0-4fc0-bb50-6632337aadec" testListId="8c84fa94-04c1-424b-9868-57a2d4851a1d" />
    <TestEntry testId="f83688f6-dd34-1e75-5676-45cae90a003c" executionId="9cc9e746-13ad-4260-aef9-06fd906ac83b" testListId="8c84fa94-04c1-424b-9868-57a2d4851a1d" />
  </TestEntries>
  <Results>
    <UnitTestResult executionId="3904f5fa-9f7b-48df-8726-405daebc9627" testId="4454e46a-bd20-09f0-c3f4-ed70dd5726c8" testName="DeveSacarUmaNotaDe20QuandoPedir20" computerName="CIT006704CPS" duration="00:00:00.0154997" startTime="2011-09-30T11:14:38.7015991-03:00" endTime="2011-09-30T11:14:38.8891015-03:00" testType="13cdc9d9-ddb5-4fa4-a97d-d965ccfc6d4b" outcome="Passed" testListId="8c84fa94-04c1-424b-9868-57a2d4851a1d" relativeResultsDirectory="3904f5fa-9f7b-48df-8726-405daebc9627">
    </UnitTestResult>
    <UnitTestResult executionId="1df57c54-676f-4b13-8c4e-d7fa9bea37a6" testId="4c113da2-5283-d388-8f2c-ed9d23e0db8e" testName="DeveSacarDuasDe20QuandoPedir40" computerName="CIT006704CPS" duration="00:00:00.0002211" startTime="2011-09-30T11:14:38.9047267-03:00" endTime="2011-09-30T11:14:38.9047267-03:00" testType="13cdc9d9-ddb5-4fa4-a97d-d965ccfc6d4b" outcome="Passed" testListId="8c84fa94-04c1-424b-9868-57a2d4851a1d" relativeResultsDirectory="1df57c54-676f-4b13-8c4e-d7fa9bea37a6">
    </UnitTestResult>
    <UnitTestResult executionId="b3e0a74b-8fbc-4c98-ae41-6c7ce15643c6" testId="52fd5ab9-7a50-a1af-ae6f-da63fc30cac1" testName="DeveSacarUmaNotaDe10EUmaDe20QuandoPedir30" computerName="CIT006704CPS" duration="00:00:00.0002593" startTime="2011-09-30T11:14:38.9047267-03:00" endTime="2011-09-30T11:14:38.9047267-03:00" testType="13cdc9d9-ddb5-4fa4-a97d-d965ccfc6d4b" outcome="Passed" testListId="8c84fa94-04c1-424b-9868-57a2d4851a1d" relativeResultsDirectory="b3e0a74b-8fbc-4c98-ae41-6c7ce15643c6">
    </UnitTestResult>
    <UnitTestResult executionId="62b7dd1a-f705-48bd-babd-69265ddf0a1b" testId="72dac4e5-094e-9000-30c3-7e6d6bb3ba43" testName="DeveSacarUmaNotaDe10QuandoPedir10" computerName="CIT006704CPS" duration="00:00:00.0072218" startTime="2011-09-30T11:14:38.9203519-03:00" endTime="2011-09-30T11:14:38.9203519-03:00" testType="13cdc9d9-ddb5-4fa4-a97d-d965ccfc6d4b" outcome="Passed" testListId="8c84fa94-04c1-424b-9868-57a2d4851a1d" relativeResultsDirectory="62b7dd1a-f705-48bd-babd-69265ddf0a1b">
    </UnitTestResult>
    <UnitTestResult executionId="2ad96ebf-45c0-4fc0-bb50-6632337aadec" testId="d1ae87f0-5f2c-14ec-5b5e-42c531d3c50c" testName="DeveSacar0QuandoPedido0" computerName="CIT006704CPS" duration="00:00:00.0001637" startTime="2011-09-30T11:14:38.9359771-03:00" endTime="2011-09-30T11:14:38.9359771-03:00" testType="13cdc9d9-ddb5-4fa4-a97d-d965ccfc6d4b" outcome="Passed" testListId="8c84fa94-04c1-424b-9868-57a2d4851a1d" relativeResultsDirectory="2ad96ebf-45c0-4fc0-bb50-6632337aadec">
    </UnitTestResult>
    <UnitTestResult executionId="9cc9e746-13ad-4260-aef9-06fd906ac83b" testId="f83688f6-dd34-1e75-5676-45cae90a003c" testName="DeveSacarDuasDe20EUmaDe10QUandoPedir50" computerName="CIT006704CPS" duration="00:00:00.0002325" startTime="2011-09-30T11:14:38.9359771-03:00" endTime="2011-09-30T11:14:38.9359771-03:00" testType="13cdc9d9-ddb5-4fa4-a97d-d965ccfc6d4b" outcome="Passed" testListId="8c84fa94-04c1-424b-9868-57a2d4851a1d" relativeResultsDirectory="9cc9e746-13ad-4260-aef9-06fd906ac83b">
    </UnitTestResult>
  </Results>
</TestRun>