<?xml version="1.0" encoding="UTF-8"?>
<TestRun id="cf334098-8b95-432b-b619-fbf05f766e29" name="rricardo@CIT006704CPS 2011-09-30 11:20:33" runUser="CIT\rricardo" xmlns="http://microsoft.com/schemas/VisualStudio/TeamTest/2010">
  <TestSettings name="Local" id="d95d53b9-9fcb-4820-b942-98c112d9a3c0">
    <Description>These are default test settings for a local test run.</Description>
    <Deployment enabled="false" runDeploymentRoot="rricardo_CIT006704CPS 2011-09-30 11_20_33">
      <DeploymentItem filename="c:\documents and settings\rricardo\meus documentos\visual studio 2010\Projects\DojoCaixaEletronico\DojoCaixaEletronico\bin\Debug\DojoCaixaEletronico.exe" />
    </Deployment>
    <Execution>
      <TestTypeSpecific />
      <AgentRule name="Execution Agents">
      </AgentRule>
    </Execution>
  </TestSettings>
  <Times creation="2011-09-30T11:20:33.1440590-03:00" queuing="2011-09-30T11:20:33.2065602-03:00" start="2011-09-30T11:20:33.2221855-03:00" finish="2011-09-30T11:20:33.5190662-03:00" />
  <ResultSummary outcome="Failed">
    <Counters total="6" executed="6" passed="5" error="0" failed="1" timeout="0" aborted="0" inconclusive="0" passedButRunAborted="0" notRunnable="0" notExecuted="0" disconnected="0" warning="0" completed="0" inProgress="0" pending="0" />
  </ResultSummary>
  <TestDefinitions>
    <UnitTest name="DeveSacar0QuandoPedido0" storage="c:\documents and settings\rricardo\meus documentos\visual studio 2010\projects\dojocaixaeletronico\dojocaixaeletronico.tests\bin\debug\dojocaixaeletronico.tests.dll" id="d1ae87f0-5f2c-14ec-5b5e-42c531d3c50c">
      <Execution id="efde50bf-dc72-4dc4-a596-2a2c44269b96" />
      <TestMethod codeBase="C:/Documents and Settings/rricardo/Meus documentos/Visual Studio 2010/Projects/DojoCaixaEletronico/DojoCaixaEletronico.Tests/bin/Debug/DojoCaixaEletronico.Tests.DLL" adapterTypeName="Microsoft.VisualStudio.TestTools.TestTypes.Unit.UnitTestAdapter, Microsoft.VisualStudio.QualityTools.Tips.UnitTest.Adapter, Version=10.0.0.0, Culture=neutral, PublicKeyToken=b03f5f7f11d50a3a" className="DojoCaixaEletronico.Tests.CaixaEletronicoTests, DojoCaixaEletronico.Tests, Version=1.0.0.0, Culture=neutral, PublicKeyToken=null" name="DeveSacar0QuandoPedido0" />
    </UnitTest>
    <UnitTest name="DeveSacarUmaNotaDe20QuandoPedir20" storage="c:\documents and settings\rricardo\meus documentos\visual studio 2010\projects\dojocaixaeletronico\dojocaixaeletronico.tests\bin\debug\dojocaixaeletronico.tests.dll" id="4454e46a-bd20-09f0-c3f4-ed70dd5726c8">
      <Execution id="562fa2c7-7976-45be-a9d6-54e612ad4d3d" />
      <TestMethod codeBase="C:/Documents and Settings/rricardo/Meus documentos/Visual Studio 2010/Projects/DojoCaixaEletronico/DojoCaixaEletronico.Tests/bin/Debug/DojoCaixaEletronico.Tests.DLL" adapterTypeName="Microsoft.VisualStudio.TestTools.TestTypes.Unit.UnitTestAdapter, Microsoft.VisualStudio.QualityTools.Tips.UnitTest.Adapter, Version=10.0.0.0, Culture=neutral, PublicKeyToken=b03f5f7f11d50a3a" className="DojoCaixaEletronico.Tests.CaixaEletronicoTests, DojoCaixaEletronico.Tests, Version=1.0.0.0, Culture=neutral, PublicKeyToken=null" name="DeveSacarUmaNotaDe20QuandoPedir20" />
    </UnitTest>
    <UnitTest name="DeveSacarUmaNotaDe10QuandoPedir10" storage="c:\documents and settings\rricardo\meus documentos\visual studio 2010\projects\dojocaixaeletronico\dojocaixaeletronico.tests\bin\debug\dojocaixaeletronico.tests.dll" id="72dac4e5-094e-9000-30c3-7e6d6bb3ba43">
      <Execution id="fc504c5a-3943-4bad-98da-041c1d93be56" />
      <TestMethod codeBase="C:/Documents and Settings/rricardo/Meus documentos/Visual Studio 2010/Projects/DojoCaixaEletronico/DojoCaixaEletronico.Tests/bin/Debug/DojoCaixaEletronico.Tests.DLL" adapterTypeName="Microsoft.VisualStudio.TestTools.TestTypes.Unit.UnitTestAdapter, Microsoft.VisualStudio.QualityTools.Tips.UnitTest.Adapter, Version=10.0.0.0, Culture=neutral, PublicKeyToken=b03f5f7f11d50a3a" className="DojoCaixaEletronico.Tests.CaixaEletronicoTests, DojoCaixaEletronico.Tests, Version=1.0.0.0, Culture=neutral, PublicKeyToken=null" name="DeveSacarUmaNotaDe10QuandoPedir10" />
    </UnitTest>
    <UnitTest name="DeveSacarUmaNotaDe10EUmaDe20QuandoPedir30" storage="c:\documents and settings\rricardo\meus documentos\visual studio 2010\projects\dojocaixaeletronico\dojocaixaeletronico.tests\bin\debug\dojocaixaeletronico.tests.dll" id="52fd5ab9-7a50-a1af-ae6f-da63fc30cac1">
      <Execution id="36aa7742-74fa-4cfd-b28c-41a00bb4bf71" />
      <TestMethod codeBase="C:/Documents and Settings/rricardo/Meus documentos/Visual Studio 2010/Projects/DojoCaixaEletronico/DojoCaixaEletronico.Tests/bin/Debug/DojoCaixaEletronico.Tests.DLL" adapterTypeName="Microsoft.VisualStudio.TestTools.TestTypes.Unit.UnitTestAdapter, Microsoft.VisualStudio.QualityTools.Tips.UnitTest.Adapter, Version=10.0.0.0, Culture=neutral, PublicKeyToken=b03f5f7f11d50a3a" className="DojoCaixaEletronico.Tests.CaixaEletronicoTests, DojoCaixaEletronico.Tests, Version=1.0.0.0, Culture=neutral, PublicKeyToken=null" name="DeveSacarUmaNotaDe10EUmaDe20QuandoPedir30" />
    </UnitTest>
    <UnitTest name="DeveSacarUmaDe50QUandoPedir50" storage="c:\documents and settings\rricardo\meus documentos\visual studio 2010\projects\dojocaixaeletronico\dojocaixaeletronico.tests\bin\debug\dojocaixaeletronico.tests.dll" id="6adf7234-0b3c-d538-a230-7723df1d84ca">
      <Execution id="9eafd385-0c82-40e0-8d93-e4284084fdae" />
      <TestMethod codeBase="C:/Documents and Settings/rricardo/Meus documentos/Visual Studio 2010/Projects/DojoCaixaEletronico/DojoCaixaEletronico.Tests/bin/Debug/DojoCaixaEletronico.Tests.DLL" adapterTypeName="Microsoft.VisualStudio.TestTools.TestTypes.Unit.UnitTestAdapter, Microsoft.VisualStudio.QualityTools.Tips.UnitTest.Adapter, Version=10.0.0.0, Culture=neutral, PublicKeyToken=b03f5f7f11d50a3a" className="DojoCaixaEletronico.Tests.CaixaEletronicoTests, DojoCaixaEletronico.Tests, Version=1.0.0.0, Culture=neutral, PublicKeyToken=null" name="DeveSacarUmaDe50QUandoPedir50" />
    </UnitTest>
    <UnitTest name="DeveSacarDuasDe20QuandoPedir40" storage="c:\documents and settings\rricardo\meus documentos\visual studio 2010\projects\dojocaixaeletronico\dojocaixaeletronico.tests\bin\debug\dojocaixaeletronico.tests.dll" id="4c113da2-5283-d388-8f2c-ed9d23e0db8e">
      <Execution id="dac4fdcd-5859-42e2-addb-feb65f36f830" />
      <TestMethod codeBase="C:/Documents and Settings/rricardo/Meus documentos/Visual Studio 2010/Projects/DojoCaixaEletronico/DojoCaixaEletronico.Tests/bin/Debug/DojoCaixaEletronico.Tests.DLL" adapterTypeName="Microsoft.VisualStudio.TestTools.TestTypes.Unit.UnitTestAdapter, Microsoft.VisualStudio.QualityTools.Tips.UnitTest.Adapter, Version=10.0.0.0, Culture=neutral, PublicKeyToken=b03f5f7f11d50a3a" className="DojoCaixaEletronico.Tests.CaixaEletronicoTests, DojoCaixaEletronico.Tests, Version=1.0.0.0, Culture=neutral, PublicKeyToken=null" name="DeveSacarDuasDe20QuandoPedir40" />
    </UnitTest>
  </TestDefinitions>
  <TestLists>
    <TestList name="Results Not in a List" id="8c84fa94-04c1-424b-9868-57a2d4851a1d" />
    <TestList name="All Loaded Results" id="19431567-8539-422a-85d7-44ee4e166bda" />
  </TestLists>
  <TestEntries>
    <TestEntry testId="4454e46a-bd20-09f0-c3f4-ed70dd5726c8" executionId="562fa2c7-7976-45be-a9d6-54e612ad4d3d" testListId="8c84fa94-04c1-424b-9868-57a2d4851a1d" />
    <TestEntry testId="4c113da2-5283-d388-8f2c-ed9d23e0db8e" executionId="dac4fdcd-5859-42e2-addb-feb65f36f830" testListId="8c84fa94-04c1-424b-9868-57a2d4851a1d" />
    <TestEntry testId="52fd5ab9-7a50-a1af-ae6f-da63fc30cac1" executionId="36aa7742-74fa-4cfd-b28c-41a00bb4bf71" testListId="8c84fa94-04c1-424b-9868-57a2d4851a1d" />
    <TestEntry testId="6adf7234-0b3c-d538-a230-7723df1d84ca" executionId="9eafd385-0c82-40e0-8d93-e4284084fdae" testListId="8c84fa94-04c1-424b-9868-57a2d4851a1d" />
    <TestEntry testId="72dac4e5-094e-9000-30c3-7e6d6bb3ba43" executionId="fc504c5a-3943-4bad-98da-041c1d93be56" testListId="8c84fa94-04c1-424b-9868-57a2d4851a1d" />
    <TestEntry testId="d1ae87f0-5f2c-14ec-5b5e-42c531d3c50c" executionId="efde50bf-dc72-4dc4-a596-2a2c44269b96" testListId="8c84fa94-04c1-424b-9868-57a2d4851a1d" />
  </TestEntries>
  <Results>
    <UnitTestResult executionId="562fa2c7-7976-45be-a9d6-54e612ad4d3d" testId="4454e46a-bd20-09f0-c3f4-ed70dd5726c8" testName="DeveSacarUmaNotaDe20QuandoPedir20" computerName="CIT006704CPS" duration="00:00:00.0170250" startTime="2011-09-30T11:20:33.2221855-03:00" endTime="2011-09-30T11:20:33.4409397-03:00" testType="13cdc9d9-ddb5-4fa4-a97d-d965ccfc6d4b" outcome="Passed" testListId="8c84fa94-04c1-424b-9868-57a2d4851a1d" relativeResultsDirectory="562fa2c7-7976-45be-a9d6-54e612ad4d3d">
    </UnitTestResult>
    <UnitTestResult executionId="dac4fdcd-5859-42e2-addb-feb65f36f830" testId="4c113da2-5283-d388-8f2c-ed9d23e0db8e" testName="DeveSacarDuasDe20QuandoPedir40" computerName="CIT006704CPS" duration="00:00:00.0002314" startTime="2011-09-30T11:20:33.4409397-03:00" endTime="2011-09-30T11:20:33.4565650-03:00" testType="13cdc9d9-ddb5-4fa4-a97d-d965ccfc6d4b" outcome="Passed" testListId="8c84fa94-04c1-424b-9868-57a2d4851a1d" relativeResultsDirectory="dac4fdcd-5859-42e2-addb-feb65f36f830">
    </UnitTestResult>
    <UnitTestResult executionId="36aa7742-74fa-4cfd-b28c-41a00bb4bf71" testId="52fd5ab9-7a50-a1af-ae6f-da63fc30cac1" testName="DeveSacarUmaNotaDe10EUmaDe20QuandoPedir30" computerName="CIT006704CPS" duration="00:00:00.0002283" startTime="2011-09-30T11:20:33.4565650-03:00" endTime="2011-09-30T11:20:33.4565650-03:00" testType="13cdc9d9-ddb5-4fa4-a97d-d965ccfc6d4b" outcome="Passed" testListId="8c84fa94-04c1-424b-9868-57a2d4851a1d" relativeResultsDirectory="36aa7742-74fa-4cfd-b28c-41a00bb4bf71">
    </UnitTestResult>
    <UnitTestResult executionId="9eafd385-0c82-40e0-8d93-e4284084fdae" testId="6adf7234-0b3c-d538-a230-7723df1d84ca" testName="DeveSacarUmaDe50QUandoPedir50" computerName="CIT006704CPS" duration="00:00:00.0182040" startTime="2011-09-30T11:20:33.4565650-03:00" endTime="2011-09-30T11:20:33.4878156-03:00" testType="13cdc9d9-ddb5-4fa4-a97d-d965ccfc6d4b" outcome="Failed" testListId="8c84fa94-04c1-424b-9868-57a2d4851a1d" relativeResultsDirectory="9eafd385-0c82-40e0-8d93-e4284084fdae">
      <Output>
        <ErrorInfo>
          <Message>CollectionAssert.AreEquivalent failed. The number of elements in the collections do not match. Expected:&lt;2&gt;. Actual:&lt;1&gt;.</Message>
          <StackTrace>   em DojoCaixaEletronico.Tests.CaixaEletronicoTests.DeveSacarUmaDe50QUandoPedir50() na C:\Documents and Settings\rricardo\Meus documentos\Visual Studio 2010\Projects\DojoCaixaEletronico\DojoCaixaEletronico.Tests\CaixaEletronicoTests.cs:linha 64
</StackTrace>
        </ErrorInfo>
      </Output>
    </UnitTestResult>
    <UnitTestResult executionId="fc504c5a-3943-4bad-98da-041c1d93be56" testId="72dac4e5-094e-9000-30c3-7e6d6bb3ba43" testName="DeveSacarUmaNotaDe10QuandoPedir10" computerName="CIT006704CPS" duration="00:00:00.0002485" startTime="2011-09-30T11:20:33.4878156-03:00" endTime="2011-09-30T11:20:33.4878156-03:00" testType="13cdc9d9-ddb5-4fa4-a97d-d965ccfc6d4b" outcome="Passed" testListId="8c84fa94-04c1-424b-9868-57a2d4851a1d" relativeResultsDirectory="fc504c5a-3943-4bad-98da-041c1d93be56">
    </UnitTestResult>
    <UnitTestResult executionId="efde50bf-dc72-4dc4-a596-2a2c44269b96" testId="d1ae87f0-5f2c-14ec-5b5e-42c531d3c50c" testName="DeveSacar0QuandoPedido0" computerName="CIT006704CPS" duration="00:00:00.0001604" startTime="2011-09-30T11:20:33.5034409-03:00" endTime="2011-09-30T11:20:33.5034409-03:00" testType="13cdc9d9-ddb5-4fa4-a97d-d965ccfc6d4b" outcome="Passed" testListId="8c84fa94-04c1-424b-9868-57a2d4851a1d" relativeResultsDirectory="efde50bf-dc72-4dc4-a596-2a2c44269b96">
    </UnitTestResult>
  </Results>
</TestRun>