<?xml version="1.0" encoding="UTF-8"?>
<TestRun id="5643d195-5c93-45a5-b37b-ce769da938dd" name="rricardo@CIT006704CPS 2011-09-30 11:12:49" runUser="CIT\rricardo" xmlns="http://microsoft.com/schemas/VisualStudio/TeamTest/2010">
  <TestSettings name="Local" id="d95d53b9-9fcb-4820-b942-98c112d9a3c0">
    <Description>These are default test settings for a local test run.</Description>
    <Deployment enabled="false" runDeploymentRoot="rricardo_CIT006704CPS 2011-09-30 11_12_49">
      <DeploymentItem filename="c:\documents and settings\rricardo\meus documentos\visual studio 2010\Projects\DojoCaixaEletronico\DojoCaixaEletronico\bin\Debug\DojoCaixaEletronico.exe" />
    </Deployment>
    <Execution>
      <TestTypeSpecific />
      <AgentRule name="Execution Agents">
      </AgentRule>
    </Execution>
  </TestSettings>
  <Times creation="2011-09-30T11:12:49.8576997-03:00" queuing="2011-09-30T11:12:49.8576997-03:00" start="2011-09-30T11:12:49.8733247-03:00" finish="2011-09-30T11:12:50.2014497-03:00" />
  <ResultSummary outcome="Failed">
    <Counters total="6" executed="6" passed="2" error="0" failed="4" timeout="0" aborted="0" inconclusive="0" passedButRunAborted="0" notRunnable="0" notExecuted="0" disconnected="0" warning="0" completed="0" inProgress="0" pending="0" />
  </ResultSummary>
  <TestDefinitions>
    <UnitTest name="DeveSacarDuasDe20EUmaDe10QUandoPedir50" storage="c:\documents and settings\rricardo\meus documentos\visual studio 2010\projects\dojocaixaeletronico\dojocaixaeletronico.tests\bin\debug\dojocaixaeletronico.tests.dll" id="f83688f6-dd34-1e75-5676-45cae90a003c">
      <Execution id="0bc42173-1e3c-4639-bec9-5c5ee8eea65b" />
      <TestMethod codeBase="C:/Documents and Settings/rricardo/Meus documentos/Visual Studio 2010/Projects/DojoCaixaEletronico/DojoCaixaEletronico.Tests/bin/Debug/DojoCaixaEletronico.Tests.DLL" adapterTypeName="Microsoft.VisualStudio.TestTools.TestTypes.Unit.UnitTestAdapter, Microsoft.VisualStudio.QualityTools.Tips.UnitTest.Adapter, Version=10.0.0.0, Culture=neutral, PublicKeyToken=b03f5f7f11d50a3a" className="DojoCaixaEletronico.Tests.CaixaEletronicoTests, DojoCaixaEletronico.Tests, Version=1.0.0.0, Culture=neutral, PublicKeyToken=null" name="DeveSacarDuasDe20EUmaDe10QUandoPedir50" />
    </UnitTest>
    <UnitTest name="DeveSacarUmaNotaDe20QuandoPedir20" storage="c:\documents and settings\rricardo\meus documentos\visual studio 2010\projects\dojocaixaeletronico\dojocaixaeletronico.tests\bin\debug\dojocaixaeletronico.tests.dll" id="4454e46a-bd20-09f0-c3f4-ed70dd5726c8">
      <Execution id="d7b6915f-5da3-4b36-9fb4-3e7ebee9207c" />
      <TestMethod codeBase="C:/Documents and Settings/rricardo/Meus documentos/Visual Studio 2010/Projects/DojoCaixaEletronico/DojoCaixaEletronico.Tests/bin/Debug/DojoCaixaEletronico.Tests.DLL" adapterTypeName="Microsoft.VisualStudio.TestTools.TestTypes.Unit.UnitTestAdapter, Microsoft.VisualStudio.QualityTools.Tips.UnitTest.Adapter, Version=10.0.0.0, Culture=neutral, PublicKeyToken=b03f5f7f11d50a3a" className="DojoCaixaEletronico.Tests.CaixaEletronicoTests, DojoCaixaEletronico.Tests, Version=1.0.0.0, Culture=neutral, PublicKeyToken=null" name="DeveSacarUmaNotaDe20QuandoPedir20" />
    </UnitTest>
    <UnitTest name="DeveSacar0QuandoPedido0" storage="c:\documents and settings\rricardo\meus documentos\visual studio 2010\projects\dojocaixaeletronico\dojocaixaeletronico.tests\bin\debug\dojocaixaeletronico.tests.dll" id="d1ae87f0-5f2c-14ec-5b5e-42c531d3c50c">
      <Execution id="3649dec2-fb80-44c6-8629-a97415474d9d" />
      <TestMethod codeBase="C:/Documents and Settings/rricardo/Meus documentos/Visual Studio 2010/Projects/DojoCaixaEletronico/DojoCaixaEletronico.Tests/bin/Debug/DojoCaixaEletronico.Tests.DLL" adapterTypeName="Microsoft.VisualStudio.TestTools.TestTypes.Unit.UnitTestAdapter, Microsoft.VisualStudio.QualityTools.Tips.UnitTest.Adapter, Version=10.0.0.0, Culture=neutral, PublicKeyToken=b03f5f7f11d50a3a" className="DojoCaixaEletronico.Tests.CaixaEletronicoTests, DojoCaixaEletronico.Tests, Version=1.0.0.0, Culture=neutral, PublicKeyToken=null" name="DeveSacar0QuandoPedido0" />
    </UnitTest>
    <UnitTest name="DeveSacarUmaNotaDe10EUmaDe20QuandoPedir30" storage="c:\documents and settings\rricardo\meus documentos\visual studio 2010\projects\dojocaixaeletronico\dojocaixaeletronico.tests\bin\debug\dojocaixaeletronico.tests.dll" id="52fd5ab9-7a50-a1af-ae6f-da63fc30cac1">
      <Execution id="498cf45b-73b0-48d1-993b-46ae2f87f069" />
      <TestMethod codeBase="C:/Documents and Settings/rricardo/Meus documentos/Visual Studio 2010/Projects/DojoCaixaEletronico/DojoCaixaEletronico.Tests/bin/Debug/DojoCaixaEletronico.Tests.DLL" adapterTypeName="Microsoft.VisualStudio.TestTools.TestTypes.Unit.UnitTestAdapter, Microsoft.VisualStudio.QualityTools.Tips.UnitTest.Adapter, Version=10.0.0.0, Culture=neutral, PublicKeyToken=b03f5f7f11d50a3a" className="DojoCaixaEletronico.Tests.CaixaEletronicoTests, DojoCaixaEletronico.Tests, Version=1.0.0.0, Culture=neutral, PublicKeyToken=null" name="DeveSacarUmaNotaDe10EUmaDe20QuandoPedir30" />
    </UnitTest>
    <UnitTest name="DeveSacarUmaNotaDe10QuandoPedir10" storage="c:\documents and settings\rricardo\meus documentos\visual studio 2010\projects\dojocaixaeletronico\dojocaixaeletronico.tests\bin\debug\dojocaixaeletronico.tests.dll" id="72dac4e5-094e-9000-30c3-7e6d6bb3ba43">
      <Execution id="6ef98a68-3868-48f0-8c80-0db16308d6e0" />
      <TestMethod codeBase="C:/Documents and Settings/rricardo/Meus documentos/Visual Studio 2010/Projects/DojoCaixaEletronico/DojoCaixaEletronico.Tests/bin/Debug/DojoCaixaEletronico.Tests.DLL" adapterTypeName="Microsoft.VisualStudio.TestTools.TestTypes.Unit.UnitTestAdapter, Microsoft.VisualStudio.QualityTools.Tips.UnitTest.Adapter, Version=10.0.0.0, Culture=neutral, PublicKeyToken=b03f5f7f11d50a3a" className="DojoCaixaEletronico.Tests.CaixaEletronicoTests, DojoCaixaEletronico.Tests, Version=1.0.0.0, Culture=neutral, PublicKeyToken=null" name="DeveSacarUmaNotaDe10QuandoPedir10" />
    </UnitTest>
    <UnitTest name="DeveSacarDuasDe20QuandoPedir40" storage="c:\documents and settings\rricardo\meus documentos\visual studio 2010\projects\dojocaixaeletronico\dojocaixaeletronico.tests\bin\debug\dojocaixaeletronico.tests.dll" id="4c113da2-5283-d388-8f2c-ed9d23e0db8e">
      <Execution id="2c72ad9f-47ac-40e4-8a15-9258f927efb6" />
      <TestMethod codeBase="C:/Documents and Settings/rricardo/Meus documentos/Visual Studio 2010/Projects/DojoCaixaEletronico/DojoCaixaEletronico.Tests/bin/Debug/DojoCaixaEletronico.Tests.DLL" adapterTypeName="Microsoft.VisualStudio.TestTools.TestTypes.Unit.UnitTestAdapter, Microsoft.VisualStudio.QualityTools.Tips.UnitTest.Adapter, Version=10.0.0.0, Culture=neutral, PublicKeyToken=b03f5f7f11d50a3a" className="DojoCaixaEletronico.Tests.CaixaEletronicoTests, DojoCaixaEletronico.Tests, Version=1.0.0.0, Culture=neutral, PublicKeyToken=null" name="DeveSacarDuasDe20QuandoPedir40" />
    </UnitTest>
  </TestDefinitions>
  <TestLists>
    <TestList name="Results Not in a List" id="8c84fa94-04c1-424b-9868-57a2d4851a1d" />
    <TestList name="All Loaded Results" id="19431567-8539-422a-85d7-44ee4e166bda" />
  </TestLists>
  <TestEntries>
    <TestEntry testId="4454e46a-bd20-09f0-c3f4-ed70dd5726c8" executionId="d7b6915f-5da3-4b36-9fb4-3e7ebee9207c" testListId="8c84fa94-04c1-424b-9868-57a2d4851a1d" />
    <TestEntry testId="4c113da2-5283-d388-8f2c-ed9d23e0db8e" executionId="2c72ad9f-47ac-40e4-8a15-9258f927efb6" testListId="8c84fa94-04c1-424b-9868-57a2d4851a1d" />
    <TestEntry testId="52fd5ab9-7a50-a1af-ae6f-da63fc30cac1" executionId="498cf45b-73b0-48d1-993b-46ae2f87f069" testListId="8c84fa94-04c1-424b-9868-57a2d4851a1d" />
    <TestEntry testId="72dac4e5-094e-9000-30c3-7e6d6bb3ba43" executionId="6ef98a68-3868-48f0-8c80-0db16308d6e0" testListId="8c84fa94-04c1-424b-9868-57a2d4851a1d" />
    <TestEntry testId="d1ae87f0-5f2c-14ec-5b5e-42c531d3c50c" executionId="3649dec2-fb80-44c6-8629-a97415474d9d" testListId="8c84fa94-04c1-424b-9868-57a2d4851a1d" />
    <TestEntry testId="f83688f6-dd34-1e75-5676-45cae90a003c" executionId="0bc42173-1e3c-4639-bec9-5c5ee8eea65b" testListId="8c84fa94-04c1-424b-9868-57a2d4851a1d" />
  </TestEntries>
  <Results>
    <UnitTestResult executionId="d7b6915f-5da3-4b36-9fb4-3e7ebee9207c" testId="4454e46a-bd20-09f0-c3f4-ed70dd5726c8" testName="DeveSacarUmaNotaDe20QuandoPedir20" computerName="CIT006704CPS" duration="00:00:00.0510260" startTime="2011-09-30T11:12:49.8889497-03:00" endTime="2011-09-30T11:12:50.1389497-03:00" testType="13cdc9d9-ddb5-4fa4-a97d-d965ccfc6d4b" outcome="Failed" testListId="8c84fa94-04c1-424b-9868-57a2d4851a1d" relativeResultsDirectory="d7b6915f-5da3-4b36-9fb4-3e7ebee9207c">
      <Output>
        <ErrorInfo>
          <Message>CollectionAssert.AreEquivalent failed. The expected collection contains 1 occurrence(s) of &lt;[10, 2]&gt;. The actual collection contains 0 occurrence(s). </Message>
          <StackTrace>   em DojoCaixaEletronico.Tests.CaixaEletronicoTests.DeveSacarUmaNotaDe20QuandoPedir20() na C:\Documents and Settings\rricardo\Meus documentos\Visual Studio 2010\Projects\DojoCaixaEletronico\DojoCaixaEletronico.Tests\CaixaEletronicoTests.cs:linha 36
</StackTrace>
        </ErrorInfo>
      </Output>
    </UnitTestResult>
    <UnitTestResult executionId="2c72ad9f-47ac-40e4-8a15-9258f927efb6" testId="4c113da2-5283-d388-8f2c-ed9d23e0db8e" testName="DeveSacarDuasDe20QuandoPedir40" computerName="CIT006704CPS" duration="00:00:00.0022702" startTime="2011-09-30T11:12:50.1389497-03:00" endTime="2011-09-30T11:12:50.1389497-03:00" testType="13cdc9d9-ddb5-4fa4-a97d-d965ccfc6d4b" outcome="Failed" testListId="8c84fa94-04c1-424b-9868-57a2d4851a1d" relativeResultsDirectory="2c72ad9f-47ac-40e4-8a15-9258f927efb6">
      <Output>
        <ErrorInfo>
          <Message>CollectionAssert.AreEquivalent failed. The expected collection contains 1 occurrence(s) of &lt;[10, 4]&gt;. The actual collection contains 0 occurrence(s). </Message>
          <StackTrace>   em DojoCaixaEletronico.Tests.CaixaEletronicoTests.DeveSacarDuasDe20QuandoPedir40() na C:\Documents and Settings\rricardo\Meus documentos\Visual Studio 2010\Projects\DojoCaixaEletronico\DojoCaixaEletronico.Tests\CaixaEletronicoTests.cs:linha 55
</StackTrace>
        </ErrorInfo>
      </Output>
    </UnitTestResult>
    <UnitTestResult executionId="498cf45b-73b0-48d1-993b-46ae2f87f069" testId="52fd5ab9-7a50-a1af-ae6f-da63fc30cac1" testName="DeveSacarUmaNotaDe10EUmaDe20QuandoPedir30" computerName="CIT006704CPS" duration="00:00:00.0013397" startTime="2011-09-30T11:12:50.1545747-03:00" endTime="2011-09-30T11:12:50.1545747-03:00" testType="13cdc9d9-ddb5-4fa4-a97d-d965ccfc6d4b" outcome="Failed" testListId="8c84fa94-04c1-424b-9868-57a2d4851a1d" relativeResultsDirectory="498cf45b-73b0-48d1-993b-46ae2f87f069">
      <Output>
        <ErrorInfo>
          <Message>CollectionAssert.AreEquivalent failed. The number of elements in the collections do not match. Expected:&lt;1&gt;. Actual:&lt;2&gt;.</Message>
          <StackTrace>   em DojoCaixaEletronico.Tests.CaixaEletronicoTests.DeveSacarUmaNotaDe10EUmaDe20QuandoPedir30() na C:\Documents and Settings\rricardo\Meus documentos\Visual Studio 2010\Projects\DojoCaixaEletronico\DojoCaixaEletronico.Tests\CaixaEletronicoTests.cs:linha 46
</StackTrace>
        </ErrorInfo>
      </Output>
    </UnitTestResult>
    <UnitTestResult executionId="6ef98a68-3868-48f0-8c80-0db16308d6e0" testId="72dac4e5-094e-9000-30c3-7e6d6bb3ba43" testName="DeveSacarUmaNotaDe10QuandoPedir10" computerName="CIT006704CPS" duration="00:00:00.0002567" startTime="2011-09-30T11:12:50.1545747-03:00" endTime="2011-09-30T11:12:50.1701997-03:00" testType="13cdc9d9-ddb5-4fa4-a97d-d965ccfc6d4b" outcome="Passed" testListId="8c84fa94-04c1-424b-9868-57a2d4851a1d" relativeResultsDirectory="6ef98a68-3868-48f0-8c80-0db16308d6e0">
    </UnitTestResult>
    <UnitTestResult executionId="3649dec2-fb80-44c6-8629-a97415474d9d" testId="d1ae87f0-5f2c-14ec-5b5e-42c531d3c50c" testName="DeveSacar0QuandoPedido0" computerName="CIT006704CPS" duration="00:00:00.0001650" startTime="2011-09-30T11:12:50.1701997-03:00" endTime="2011-09-30T11:12:50.1701997-03:00" testType="13cdc9d9-ddb5-4fa4-a97d-d965ccfc6d4b" outcome="Passed" testListId="8c84fa94-04c1-424b-9868-57a2d4851a1d" relativeResultsDirectory="3649dec2-fb80-44c6-8629-a97415474d9d">
    </UnitTestResult>
    <UnitTestResult executionId="0bc42173-1e3c-4639-bec9-5c5ee8eea65b" testId="f83688f6-dd34-1e75-5676-45cae90a003c" testName="DeveSacarDuasDe20EUmaDe10QUandoPedir50" computerName="CIT006704CPS" duration="00:00:00.0012600" startTime="2011-09-30T11:12:50.1701997-03:00" endTime="2011-09-30T11:12:50.1858247-03:00" testType="13cdc9d9-ddb5-4fa4-a97d-d965ccfc6d4b" outcome="Failed" testListId="8c84fa94-04c1-424b-9868-57a2d4851a1d" relativeResultsDirectory="0bc42173-1e3c-4639-bec9-5c5ee8eea65b">
      <Output>
        <ErrorInfo>
          <Message>CollectionAssert.AreEquivalent failed. The number of elements in the collections do not match. Expected:&lt;1&gt;. Actual:&lt;2&gt;.</Message>
          <StackTrace>   em DojoCaixaEletronico.Tests.CaixaEletronicoTests.DeveSacarDuasDe20EUmaDe10QUandoPedir50() na C:\Documents and Settings\rricardo\Meus documentos\Visual Studio 2010\Projects\DojoCaixaEletronico\DojoCaixaEletronico.Tests\CaixaEletronicoTests.cs:linha 65
</StackTrace>
        </ErrorInfo>
      </Output>
    </UnitTestResult>
  </Results>
</TestRun>