<?xml version="1.0" encoding="UTF-8"?>
<TestRun id="28e38a3e-3835-4cd3-9ea4-e240fadf661d" name="rricardo@CIT006704CPS 2011-09-30 10:02:11" runUser="CIT\rricardo" xmlns="http://microsoft.com/schemas/VisualStudio/TeamTest/2010">
  <TestSettings name="Local" id="d95d53b9-9fcb-4820-b942-98c112d9a3c0">
    <Description>These are default test settings for a local test run.</Description>
    <Deployment enabled="false" runDeploymentRoot="rricardo_CIT006704CPS 2011-09-30 10_02_11">
      <DeploymentItem filename="c:\documents and settings\rricardo\meus documentos\visual studio 2010\Projects\DojoCaixaEletronico\DojoCaixaEletronico\bin\Debug\DojoCaixaEletronico.exe" />
    </Deployment>
    <Execution>
      <TestTypeSpecific />
      <AgentRule name="Execution Agents">
      </AgentRule>
    </Execution>
  </TestSettings>
  <Times creation="2011-09-30T10:02:11.4077200-03:00" queuing="2011-09-30T10:02:11.4077200-03:00" start="2011-09-30T10:02:11.4233458-03:00" finish="2011-09-30T10:02:11.7671134-03:00" />
  <ResultSummary outcome="Failed">
    <Counters total="4" executed="4" passed="1" error="0" failed="3" timeout="0" aborted="0" inconclusive="0" passedButRunAborted="0" notRunnable="0" notExecuted="0" disconnected="0" warning="0" completed="0" inProgress="0" pending="0" />
  </ResultSummary>
  <TestDefinitions>
    <UnitTest name="DeveSacarUmaNotaDe10EUmaDe20QuandoPedir30" storage="c:\documents and settings\rricardo\meus documentos\visual studio 2010\projects\dojocaixaeletronico\dojocaixaeletronico.tests\bin\debug\dojocaixaeletronico.tests.dll" id="52fd5ab9-7a50-a1af-ae6f-da63fc30cac1">
      <Execution id="464fd9dc-793e-4690-9d13-44e36a531257" />
      <TestMethod codeBase="C:/Documents and Settings/rricardo/Meus documentos/Visual Studio 2010/Projects/DojoCaixaEletronico/DojoCaixaEletronico.Tests/bin/Debug/DojoCaixaEletronico.Tests.DLL" adapterTypeName="Microsoft.VisualStudio.TestTools.TestTypes.Unit.UnitTestAdapter, Microsoft.VisualStudio.QualityTools.Tips.UnitTest.Adapter, Version=10.0.0.0, Culture=neutral, PublicKeyToken=b03f5f7f11d50a3a" className="DojoCaixaEletronico.Tests.CaixaEletronicoTests, DojoCaixaEletronico.Tests, Version=1.0.0.0, Culture=neutral, PublicKeyToken=null" name="DeveSacarUmaNotaDe10EUmaDe20QuandoPedir30" />
    </UnitTest>
    <UnitTest name="DeveSacarUmaNotaDe10QuandoPedir10" storage="c:\documents and settings\rricardo\meus documentos\visual studio 2010\projects\dojocaixaeletronico\dojocaixaeletronico.tests\bin\debug\dojocaixaeletronico.tests.dll" id="72dac4e5-094e-9000-30c3-7e6d6bb3ba43">
      <Execution id="681c5986-a376-4c2c-b2f6-836e10d86307" />
      <TestMethod codeBase="C:/Documents and Settings/rricardo/Meus documentos/Visual Studio 2010/Projects/DojoCaixaEletronico/DojoCaixaEletronico.Tests/bin/Debug/DojoCaixaEletronico.Tests.DLL" adapterTypeName="Microsoft.VisualStudio.TestTools.TestTypes.Unit.UnitTestAdapter, Microsoft.VisualStudio.QualityTools.Tips.UnitTest.Adapter, Version=10.0.0.0, Culture=neutral, PublicKeyToken=b03f5f7f11d50a3a" className="DojoCaixaEletronico.Tests.CaixaEletronicoTests, DojoCaixaEletronico.Tests, Version=1.0.0.0, Culture=neutral, PublicKeyToken=null" name="DeveSacarUmaNotaDe10QuandoPedir10" />
    </UnitTest>
    <UnitTest name="DeveSacar0QuandoPedido0" storage="c:\documents and settings\rricardo\meus documentos\visual studio 2010\projects\dojocaixaeletronico\dojocaixaeletronico.tests\bin\debug\dojocaixaeletronico.tests.dll" id="d1ae87f0-5f2c-14ec-5b5e-42c531d3c50c">
      <Execution id="030f99ac-cf0b-4faf-8835-b01f834a552f" />
      <TestMethod codeBase="C:/Documents and Settings/rricardo/Meus documentos/Visual Studio 2010/Projects/DojoCaixaEletronico/DojoCaixaEletronico.Tests/bin/Debug/DojoCaixaEletronico.Tests.DLL" adapterTypeName="Microsoft.VisualStudio.TestTools.TestTypes.Unit.UnitTestAdapter, Microsoft.VisualStudio.QualityTools.Tips.UnitTest.Adapter, Version=10.0.0.0, Culture=neutral, PublicKeyToken=b03f5f7f11d50a3a" className="DojoCaixaEletronico.Tests.CaixaEletronicoTests, DojoCaixaEletronico.Tests, Version=1.0.0.0, Culture=neutral, PublicKeyToken=null" name="DeveSacar0QuandoPedido0" />
    </UnitTest>
    <UnitTest name="DeveSacarUmaNotaDe20QuandoPedir20" storage="c:\documents and settings\rricardo\meus documentos\visual studio 2010\projects\dojocaixaeletronico\dojocaixaeletronico.tests\bin\debug\dojocaixaeletronico.tests.dll" id="4454e46a-bd20-09f0-c3f4-ed70dd5726c8">
      <Execution id="11e839f3-fb46-4947-ad1d-36bdb063e462" />
      <TestMethod codeBase="C:/Documents and Settings/rricardo/Meus documentos/Visual Studio 2010/Projects/DojoCaixaEletronico/DojoCaixaEletronico.Tests/bin/Debug/DojoCaixaEletronico.Tests.DLL" adapterTypeName="Microsoft.VisualStudio.TestTools.TestTypes.Unit.UnitTestAdapter, Microsoft.VisualStudio.QualityTools.Tips.UnitTest.Adapter, Version=10.0.0.0, Culture=neutral, PublicKeyToken=b03f5f7f11d50a3a" className="DojoCaixaEletronico.Tests.CaixaEletronicoTests, DojoCaixaEletronico.Tests, Version=1.0.0.0, Culture=neutral, PublicKeyToken=null" name="DeveSacarUmaNotaDe20QuandoPedir20" />
    </UnitTest>
  </TestDefinitions>
  <TestLists>
    <TestList name="Results Not in a List" id="8c84fa94-04c1-424b-9868-57a2d4851a1d" />
    <TestList name="All Loaded Results" id="19431567-8539-422a-85d7-44ee4e166bda" />
  </TestLists>
  <TestEntries>
    <TestEntry testId="4454e46a-bd20-09f0-c3f4-ed70dd5726c8" executionId="11e839f3-fb46-4947-ad1d-36bdb063e462" testListId="8c84fa94-04c1-424b-9868-57a2d4851a1d" />
    <TestEntry testId="52fd5ab9-7a50-a1af-ae6f-da63fc30cac1" executionId="464fd9dc-793e-4690-9d13-44e36a531257" testListId="8c84fa94-04c1-424b-9868-57a2d4851a1d" />
    <TestEntry testId="72dac4e5-094e-9000-30c3-7e6d6bb3ba43" executionId="681c5986-a376-4c2c-b2f6-836e10d86307" testListId="8c84fa94-04c1-424b-9868-57a2d4851a1d" />
    <TestEntry testId="d1ae87f0-5f2c-14ec-5b5e-42c531d3c50c" executionId="030f99ac-cf0b-4faf-8835-b01f834a552f" testListId="8c84fa94-04c1-424b-9868-57a2d4851a1d" />
  </TestEntries>
  <Results>
    <UnitTestResult executionId="11e839f3-fb46-4947-ad1d-36bdb063e462" testId="4454e46a-bd20-09f0-c3f4-ed70dd5726c8" testName="DeveSacarUmaNotaDe20QuandoPedir20" computerName="CIT006704CPS" duration="00:00:00.1079610" startTime="2011-09-30T10:02:11.4233458-03:00" endTime="2011-09-30T10:02:11.7202360-03:00" testType="13cdc9d9-ddb5-4fa4-a97d-d965ccfc6d4b" outcome="Failed" testListId="8c84fa94-04c1-424b-9868-57a2d4851a1d" relativeResultsDirectory="11e839f3-fb46-4947-ad1d-36bdb063e462">
      <Output>
        <ErrorInfo>
          <Message>Test method DojoCaixaEletronico.Tests.CaixaEletronicoTests.DeveSacarUmaNotaDe20QuandoPedir20 threw exception: 
System.ArgumentException: Já foi adicionado um item com a mesma chave.</Message>
          <StackTrace>    em System.ThrowHelper.ThrowArgumentException(ExceptionResource resource)
   em System.Collections.Generic.Dictionary`2.Insert(TKey key, TValue value, Boolean add)
   em System.Collections.Generic.Dictionary`2.Add(TKey key, TValue value)
   em DojoCaixaEletronico.CaixaEletronico.saque(Int32 valor) na C:\Documents and Settings\rricardo\Meus documentos\Visual Studio 2010\Projects\DojoCaixaEletronico\DojoCaixaEletronico\CaixaEletronico.cs:linha 23
   em DojoCaixaEletronico.Tests.CaixaEletronicoTests.DeveSacarUmaNotaDe20QuandoPedir20() na C:\Documents and Settings\rricardo\Meus documentos\Visual Studio 2010\Projects\DojoCaixaEletronico\DojoCaixaEletronico.Tests\CaixaEletronicoTests.cs:linha 33
</StackTrace>
        </ErrorInfo>
      </Output>
    </UnitTestResult>
    <UnitTestResult executionId="464fd9dc-793e-4690-9d13-44e36a531257" testId="52fd5ab9-7a50-a1af-ae6f-da63fc30cac1" testName="DeveSacarUmaNotaDe10EUmaDe20QuandoPedir30" computerName="CIT006704CPS" duration="00:00:00.0031172" startTime="2011-09-30T10:02:11.7358618-03:00" endTime="2011-09-30T10:02:11.7358618-03:00" testType="13cdc9d9-ddb5-4fa4-a97d-d965ccfc6d4b" outcome="Failed" testListId="8c84fa94-04c1-424b-9868-57a2d4851a1d" relativeResultsDirectory="464fd9dc-793e-4690-9d13-44e36a531257">
      <Output>
        <ErrorInfo>
          <Message>Test method DojoCaixaEletronico.Tests.CaixaEletronicoTests.DeveSacarUmaNotaDe10EUmaDe20QuandoPedir30 threw exception: 
System.ArgumentException: Já foi adicionado um item com a mesma chave.</Message>
          <StackTrace>    em System.ThrowHelper.ThrowArgumentException(ExceptionResource resource)
   em System.Collections.Generic.Dictionary`2.Insert(TKey key, TValue value, Boolean add)
   em System.Collections.Generic.Dictionary`2.Add(TKey key, TValue value)
   em DojoCaixaEletronico.CaixaEletronico.saque(Int32 valor) na C:\Documents and Settings\rricardo\Meus documentos\Visual Studio 2010\Projects\DojoCaixaEletronico\DojoCaixaEletronico\CaixaEletronico.cs:linha 19
   em DojoCaixaEletronico.Tests.CaixaEletronicoTests.DeveSacarUmaNotaDe10EUmaDe20QuandoPedir30() na C:\Documents and Settings\rricardo\Meus documentos\Visual Studio 2010\Projects\DojoCaixaEletronico\DojoCaixaEletronico.Tests\CaixaEletronicoTests.cs:linha 42
</StackTrace>
        </ErrorInfo>
      </Output>
    </UnitTestResult>
    <UnitTestResult executionId="681c5986-a376-4c2c-b2f6-836e10d86307" testId="72dac4e5-094e-9000-30c3-7e6d6bb3ba43" testName="DeveSacarUmaNotaDe10QuandoPedir10" computerName="CIT006704CPS" duration="00:00:00.0013612" startTime="2011-09-30T10:02:11.7358618-03:00" endTime="2011-09-30T10:02:11.7514876-03:00" testType="13cdc9d9-ddb5-4fa4-a97d-d965ccfc6d4b" outcome="Failed" testListId="8c84fa94-04c1-424b-9868-57a2d4851a1d" relativeResultsDirectory="681c5986-a376-4c2c-b2f6-836e10d86307">
      <Output>
        <ErrorInfo>
          <Message>Test method DojoCaixaEletronico.Tests.CaixaEletronicoTests.DeveSacarUmaNotaDe10QuandoPedir10 threw exception: 
System.ArgumentException: Já foi adicionado um item com a mesma chave.</Message>
          <StackTrace>    em System.ThrowHelper.ThrowArgumentException(ExceptionResource resource)
   em System.Collections.Generic.Dictionary`2.Insert(TKey key, TValue value, Boolean add)
   em System.Collections.Generic.Dictionary`2.Add(TKey key, TValue value)
   em DojoCaixaEletronico.CaixaEletronico.saque(Int32 valor) na C:\Documents and Settings\rricardo\Meus documentos\Visual Studio 2010\Projects\DojoCaixaEletronico\DojoCaixaEletronico\CaixaEletronico.cs:linha 19
   em DojoCaixaEletronico.Tests.CaixaEletronicoTests.DeveSacarUmaNotaDe10QuandoPedir10() na C:\Documents and Settings\rricardo\Meus documentos\Visual Studio 2010\Projects\DojoCaixaEletronico\DojoCaixaEletronico.Tests\CaixaEletronicoTests.cs:linha 24
</StackTrace>
        </ErrorInfo>
      </Output>
    </UnitTestResult>
    <UnitTestResult executionId="030f99ac-cf0b-4faf-8835-b01f834a552f" testId="d1ae87f0-5f2c-14ec-5b5e-42c531d3c50c" testName="DeveSacar0QuandoPedido0" computerName="CIT006704CPS" duration="00:00:00.0001637" startTime="2011-09-30T10:02:11.7514876-03:00" endTime="2011-09-30T10:02:11.7514876-03:00" testType="13cdc9d9-ddb5-4fa4-a97d-d965ccfc6d4b" outcome="Passed" testListId="8c84fa94-04c1-424b-9868-57a2d4851a1d" relativeResultsDirectory="030f99ac-cf0b-4faf-8835-b01f834a552f">
    </UnitTestResult>
  </Results>
</TestRun>